This file contains any messages produced by compilers while
running configure, to aid debugging if configure makes a mistake.

It was created by TestU01 configure 1.2.3, which was
generated by GNU Autoconf 2.71.  Invocation command line was

  $ ./configure --prefix=/Users/Hoang.Ong/projects/knox-primitives/prng_test/testu01/dist

## --------- ##
## Platform. ##
## --------- ##

hostname = MACVVTKYV92QN
uname -m = arm64
uname -r = 23.3.0
uname -s = Darwin
uname -v = Darwin Kernel Version 23.3.0: Wed Dec 20 21:30:44 PST 2023; root:xnu-10002.81.5~7/RELEASE_ARM64_T6000

/usr/bin/uname -p = arm
/bin/uname -X     = unknown

/bin/arch              = unknown
/usr/bin/arch -k       = unknown
/usr/convex/getsysinfo = unknown
/usr/bin/hostinfo      = Mach kernel version:
	 Darwin Kernel Version 23.3.0: Wed Dec 20 21:30:44 PST 2023; root:xnu-10002.81.5~7/RELEASE_ARM64_T6000
Kernel configured for up to 10 processors.
10 processors are physically available.
10 processors are logically available.
Processor type: arm64e (ARM64E)
Processors active: 0 1 2 3 4 5 6 7 8 9
Primary memory available: 32.00 gigabytes
Default processor set: 792 tasks, 4294 threads, 10 processors
Load average: 4.28, Mach factor: 5.76
/bin/machine           = unknown
/usr/bin/oslevel       = unknown
/bin/universe          = unknown

PATH: /Users/Hoang.Ong/.docker/bin/
PATH: /opt/homebrew/opt/libtool/libexec/gnubin/
PATH: /Users/Hoang.Ong/.sdkman/candidates/visualvm/current/bin/
PATH: /Users/Hoang.Ong/.sdkman/candidates/scala/current/bin/
PATH: /Users/Hoang.Ong/.sdkman/candidates/sbt/current/bin/
PATH: /Users/Hoang.Ong/.sdkman/candidates/maven/current/bin/
PATH: /Users/Hoang.Ong/.sdkman/candidates/java/current/bin/
PATH: /Users/Hoang.Ong/.sdkman/candidates/gradle/current/bin/
PATH: /opt/homebrew/opt/node@16/bin/
PATH: /Users/Hoang.Ong/.nvm/versions/node/v20.10.0/bin/
PATH: /opt/homebrew/bin/
PATH: /opt/homebrew/sbin/
PATH: /usr/local/bin/
PATH: /System/Cryptexes/App/usr/bin/
PATH: /usr/bin/
PATH: /bin/
PATH: /usr/sbin/
PATH: /sbin/
PATH: /var/run/com.apple.security.cryptexd/codex.system/bootstrap/usr/local/bin/
PATH: /var/run/com.apple.security.cryptexd/codex.system/bootstrap/usr/bin/
PATH: /var/run/com.apple.security.cryptexd/codex.system/bootstrap/usr/appleinternal/bin/
PATH: /Library/Apple/usr/bin/
PATH: /Users/Hoang.Ong/.cargo/bin/
PATH: /Users/Hoang.Ong/.local/bin/
PATH: /Users/Hoang.Ong/Library/Python/3.9/bin/
PATH: /Users/Hoang.Ong/.local/bin/
PATH: /Users/Hoang.Ong/Library/Python/3.9/bin/
PATH: /Users/Hoang.Ong/flutter/bin/
PATH: /Users/Hoang.Ong/.cargo/bin/
PATH: /Users/Hoang.Ong/.pub-cache/bin/
PATH: /Users/Hoang.Ong/Library/Android/sdk/emulator/
PATH: /Users/Hoang.Ong/Library/Android/sdk/platform-tools/
PATH: /opt/homebrew/Cellar/go/1.22.0/bin/
PATH: /Users/Hoang.Ong/go/bin/


## ----------- ##
## Core tests. ##
## ----------- ##

configure:2498: looking for aux files: ltmain.sh compile config.guess config.sub missing install-sh
configure:2511:  trying ./
configure:2540:   ./ltmain.sh found
configure:2540:   ./compile found
configure:2540:   ./config.guess found
configure:2540:   ./config.sub found
configure:2540:   ./missing found
configure:2522:   ./install-sh found
configure:2670: checking for a BSD-compatible install
configure:2743: result: /usr/bin/install -c
configure:2754: checking whether build environment is sane
configure:2809: result: yes
configure:2968: checking for a race-free mkdir -p
configure:3012: result: ./install-sh -c -d
configure:3019: checking for gawk
configure:3054: result: no
configure:3019: checking for mawk
configure:3054: result: no
configure:3019: checking for nawk
configure:3054: result: no
configure:3019: checking for awk
configure:3040: found /usr/bin/awk
configure:3051: result: awk
configure:3062: checking whether make sets $(MAKE)
configure:3085: result: yes
configure:3115: checking whether make supports nested variables
configure:3133: result: yes
configure:3280: checking build system type
configure:3295: result: aarch64-apple-darwin23.3.0
configure:3315: checking host system type
configure:3329: result: aarch64-apple-darwin23.3.0
configure:3413: checking for gcc
configure:3434: found /usr/bin/gcc
configure:3445: result: gcc
configure:3798: checking for C compiler version
configure:3807: gcc --version >&5
Apple clang version 15.0.0 (clang-1500.3.9.4)
Target: arm64-apple-darwin23.3.0
Thread model: posix
InstalledDir: /Applications/Xcode.app/Contents/Developer/Toolchains/XcodeDefault.xctoolchain/usr/bin
configure:3818: $? = 0
configure:3807: gcc -v >&5
Apple clang version 15.0.0 (clang-1500.3.9.4)
Target: arm64-apple-darwin23.3.0
Thread model: posix
InstalledDir: /Applications/Xcode.app/Contents/Developer/Toolchains/XcodeDefault.xctoolchain/usr/bin
configure:3818: $? = 0
configure:3807: gcc -V >&5
clang: error: argument to '-V' is missing (expected 1 value)
clang: error: no input files
configure:3818: $? = 1
configure:3807: gcc -qversion >&5
clang: error: unknown argument '-qversion'; did you mean '--version'?
clang: error: no input files
configure:3818: $? = 1
configure:3807: gcc -version >&5
clang: error: unknown argument '-version'; did you mean '--version'?
clang: error: no input files
configure:3818: $? = 1
configure:3838: checking whether the C compiler works
configure:3860: gcc    conftest.c  >&5
configure:3864: $? = 0
configure:3914: result: yes
configure:3917: checking for C compiler default output file name
configure:3919: result: a.out
configure:3925: checking for suffix of executables
configure:3932: gcc -o conftest    conftest.c  >&5
configure:3936: $? = 0
configure:3959: result: 
configure:3981: checking whether we are cross compiling
configure:3989: gcc -o conftest    conftest.c  >&5
configure:3993: $? = 0
configure:4000: ./conftest
configure:4004: $? = 0
configure:4019: result: no
configure:4024: checking for suffix of object files
configure:4047: gcc -c   conftest.c >&5
configure:4051: $? = 0
configure:4073: result: o
configure:4077: checking whether the compiler supports GNU C
configure:4097: gcc -c   conftest.c >&5
configure:4097: $? = 0
configure:4107: result: yes
configure:4118: checking whether gcc accepts -g
configure:4139: gcc -c -g  conftest.c >&5
configure:4139: $? = 0
configure:4183: result: yes
configure:4203: checking for gcc option to enable C11 features
configure:4218: gcc  -c -g -O2  conftest.c >&5
conftest.c:25:14: warning: a function definition without a prototype is deprecated in all versions of C and is not supported in C2x [-Wdeprecated-non-prototype]
static char *e (p, i)
             ^
1 warning generated.
configure:4218: $? = 0
configure:4236: result: none needed
configure:4352: checking whether gcc understands -c and -o together
configure:4375: gcc -c conftest.c -o conftest2.o
configure:4378: $? = 0
configure:4375: gcc -c conftest.c -o conftest2.o
configure:4378: $? = 0
configure:4390: result: yes
configure:4410: checking whether make supports the include directive
configure:4425: make -f confmf.GNU && cat confinc.out
this is the am__doit target
configure:4428: $? = 0
configure:4447: result: yes (GNU style)
configure:4473: checking dependency style of gcc
configure:4585: result: gcc3
configure:4605: checking how to run the C preprocessor
configure:4631: gcc -E  conftest.c
configure:4631: $? = 0
configure:4646: gcc -E  conftest.c
conftest.c:11:10: fatal error: 'ac_nonexistent.h' file not found
#include <ac_nonexistent.h>
         ^~~~~~~~~~~~~~~~~~
1 error generated.
configure:4646: $? = 1
configure: failed program was:
| /* confdefs.h */
| #define PACKAGE_NAME "TestU01"
| #define PACKAGE_TARNAME "testu01"
| #define PACKAGE_VERSION "1.2.3"
| #define PACKAGE_STRING "TestU01 1.2.3"
| #define PACKAGE_BUGREPORT "lecuyer@iro.umontreal.ca"
| #define PACKAGE_URL ""
| #define PACKAGE "testu01"
| #define VERSION "1.2.3"
| /* end confdefs.h.  */
| #include <ac_nonexistent.h>
configure:4673: result: gcc -E
configure:4687: gcc -E  conftest.c
configure:4687: $? = 0
configure:4702: gcc -E  conftest.c
conftest.c:11:10: fatal error: 'ac_nonexistent.h' file not found
#include <ac_nonexistent.h>
         ^~~~~~~~~~~~~~~~~~
1 error generated.
configure:4702: $? = 1
configure: failed program was:
| /* confdefs.h */
| #define PACKAGE_NAME "TestU01"
| #define PACKAGE_TARNAME "testu01"
| #define PACKAGE_VERSION "1.2.3"
| #define PACKAGE_STRING "TestU01 1.2.3"
| #define PACKAGE_BUGREPORT "lecuyer@iro.umontreal.ca"
| #define PACKAGE_URL ""
| #define PACKAGE "testu01"
| #define VERSION "1.2.3"
| /* end confdefs.h.  */
| #include <ac_nonexistent.h>
configure:4733: checking whether ln -s works
configure:4737: result: yes
configure:4744: checking whether make sets $(MAKE)
configure:4767: result: yes
configure:4823: checking how to print strings
configure:4850: result: printf
configure:4871: checking for a sed that does not truncate output
configure:4941: result: /usr/bin/sed
configure:4959: checking for grep that handles long lines and -e
configure:5023: result: /usr/bin/grep
configure:5028: checking for egrep
configure:5096: result: /usr/bin/grep -E
configure:5101: checking for fgrep
configure:5169: result: /usr/bin/grep -F
configure:5205: checking for ld used by gcc
configure:5273: result: /Applications/Xcode.app/Contents/Developer/Toolchains/XcodeDefault.xctoolchain/usr/bin/ld
configure:5280: checking if the linker (/Applications/Xcode.app/Contents/Developer/Toolchains/XcodeDefault.xctoolchain/usr/bin/ld) is GNU ld
configure:5296: result: no
configure:5308: checking for BSD- or MS-compatible name lister (nm)
configure:5363: result: /usr/bin/nm -B
configure:5503: checking the name lister (/usr/bin/nm -B) interface
configure:5511: gcc -c -g -O2  conftest.c >&5
configure:5514: /usr/bin/nm -B "conftest.o"
configure:5517: output
0000000000000260 S _some_variable
0000000000000000 t ltmp0
0000000000000260 s ltmp1
configure:5524: result: BSD nm
configure:5528: checking the maximum length of command line arguments
configure:5660: result: 786432
configure:5708: checking how to convert aarch64-apple-darwin23.3.0 file names to aarch64-apple-darwin23.3.0 format
configure:5749: result: func_convert_file_noop
configure:5756: checking how to convert aarch64-apple-darwin23.3.0 file names to toolchain format
configure:5777: result: func_convert_file_noop
configure:5784: checking for /Applications/Xcode.app/Contents/Developer/Toolchains/XcodeDefault.xctoolchain/usr/bin/ld option to reload object files
configure:5792: result: -r
configure:5871: checking for file
configure:5892: found /usr/bin/file
configure:5903: result: file
configure:5979: checking for objdump
configure:6000: found /usr/bin/objdump
configure:6011: result: objdump
configure:6043: checking how to recognize dependent libraries
configure:6244: result: pass_all
configure:6334: checking for dlltool
configure:6369: result: no
configure:6399: checking how to associate runtime and link libraries
configure:6427: result: printf %s\n
configure:6578: checking for archiver @FILE support
configure:6596: gcc -c -g -O2  conftest.c >&5
configure:6596: $? = 0
configure:6600: /Users/Hoang.Ong/Library/Android/sdk/ndk/25.2.9519653/toolchains/llvm/prebuilt/darwin-x86_64/bin/llvm-ar cr libconftest.a @conftest.lst >&5
configure:6603: $? = 0
configure:6608: /Users/Hoang.Ong/Library/Android/sdk/ndk/25.2.9519653/toolchains/llvm/prebuilt/darwin-x86_64/bin/llvm-ar cr libconftest.a @conftest.lst >&5
/Users/Hoang.Ong/Library/Android/sdk/ndk/25.2.9519653/toolchains/llvm/prebuilt/darwin-x86_64/bin/llvm-ar: error: conftest.o: No such file or directory
configure:6611: $? = 1
configure:6623: result: @
configure:6686: checking for strip
configure:6707: found /usr/bin/strip
configure:6718: result: strip
configure:6795: checking for ranlib
configure:6816: found /usr/bin/ranlib
configure:6827: result: ranlib
configure:6929: checking command to parse /usr/bin/nm -B output from gcc object
configure:7083: gcc -c -g -O2  conftest.c >&5
configure:7086: $? = 0
configure:7090: /usr/bin/nm -B conftest.o \| /usr/bin/sed -n -e 's/^.*[ ]\([ABCDGIRSTW][ABCDGIRSTW]*\)[ ][ ]*\([_A-Za-z][_A-Za-z0-9]*\)$/\1 \2 \2/p' | /usr/bin/sed '/ __gnu_lto/d' \> conftest.nm
configure:7093: $? = 0
cannot find nm_test_var in conftest.nm
configure:7083: gcc -c -g -O2  conftest.c >&5
configure:7086: $? = 0
configure:7090: /usr/bin/nm -B conftest.o \| /usr/bin/sed -n -e 's/^.*[ ]\([ABCDGIRSTW][ABCDGIRSTW]*\)[ ][ ]*_\([_A-Za-z][_A-Za-z0-9]*\)$/\1 _\2 \2/p' | /usr/bin/sed '/ __gnu_lto/d' \> conftest.nm
configure:7093: $? = 0
configure:7159: gcc -o conftest -g -O2   conftest.c conftstm.o >&5
configure:7162: $? = 0
configure:7200: result: ok
configure:7247: checking for sysroot
configure:7278: result: no
configure:7285: checking for a working dd
configure:7329: result: /bin/dd
configure:7333: checking how to truncate binary pipes
configure:7349: result: /bin/dd bs=4096 count=1
configure:7686: checking for mt
configure:7721: result: no
configure:7741: checking if : is a manifest tool
configure:7748: : '-?'
configure:7756: result: no
configure:7817: checking for dsymutil
configure:7838: found /usr/bin/dsymutil
configure:7849: result: dsymutil
configure:7919: checking for nmedit
configure:7940: found /usr/bin/nmedit
configure:7951: result: nmedit
configure:8021: checking for lipo
configure:8042: found /usr/bin/lipo
configure:8053: result: lipo
configure:8123: checking for otool
configure:8144: found /usr/bin/otool
configure:8155: result: otool
configure:8225: checking for otool64
configure:8260: result: no
configure:8305: checking for -single_module linker flag
gcc -g -O2  -o libconftest.dylib -dynamiclib -Wl,-single_module conftest.c
ld: warning: -single_module is obsolete
configure:8339: result: no
configure:8342: checking for -exported_symbols_list linker flag
configure:8363: gcc -o conftest -g -O2   -Wl,-exported_symbols_list,conftest.sym conftest.c  >&5
configure:8363: $? = 0
configure:8374: result: yes
configure:8377: checking for -force_load linker flag
gcc -g -O2 -c -o conftest.o conftest.c
/Users/Hoang.Ong/Library/Android/sdk/ndk/25.2.9519653/toolchains/llvm/prebuilt/darwin-x86_64/bin/llvm-ar cr libconftest.a conftest.o
ranlib libconftest.a
gcc -g -O2  -o conftest conftest.c -Wl,-force_load,./libconftest.a
configure:8410: result: yes
configure:8481: checking for stdio.h
configure:8481: gcc -c -g -O2  conftest.c >&5
configure:8481: $? = 0
configure:8481: result: yes
configure:8481: checking for stdlib.h
configure:8481: gcc -c -g -O2  conftest.c >&5
configure:8481: $? = 0
configure:8481: result: yes
configure:8481: checking for string.h
configure:8481: gcc -c -g -O2  conftest.c >&5
configure:8481: $? = 0
configure:8481: result: yes
configure:8481: checking for inttypes.h
configure:8481: gcc -c -g -O2  conftest.c >&5
configure:8481: $? = 0
configure:8481: result: yes
configure:8481: checking for stdint.h
configure:8481: gcc -c -g -O2  conftest.c >&5
configure:8481: $? = 0
configure:8481: result: yes
configure:8481: checking for strings.h
configure:8481: gcc -c -g -O2  conftest.c >&5
configure:8481: $? = 0
configure:8481: result: yes
configure:8481: checking for sys/stat.h
configure:8481: gcc -c -g -O2  conftest.c >&5
configure:8481: $? = 0
configure:8481: result: yes
configure:8481: checking for sys/types.h
configure:8481: gcc -c -g -O2  conftest.c >&5
configure:8481: $? = 0
configure:8481: result: yes
configure:8481: checking for unistd.h
configure:8481: gcc -c -g -O2  conftest.c >&5
configure:8481: $? = 0
configure:8481: result: yes
configure:8506: checking for dlfcn.h
configure:8506: gcc -c -g -O2  conftest.c >&5
configure:8506: $? = 0
configure:8506: result: yes
configure:8765: checking for objdir
configure:8781: result: .libs
configure:9041: checking if gcc supports -fno-rtti -fno-exceptions
configure:9060: gcc -c -g -O2  -fno-rtti -fno-exceptions conftest.c >&5
configure:9064: $? = 0
configure:9077: result: yes
configure:9435: checking for gcc option to produce PIC
configure:9443: result: -fno-common -DPIC
configure:9451: checking if gcc PIC flag -fno-common -DPIC works
configure:9470: gcc -c -g -O2  -fno-common -DPIC -DPIC conftest.c >&5
configure:9474: $? = 0
configure:9487: result: yes
configure:9516: checking if gcc static flag -static works
configure:9545: result: no
configure:9560: checking if gcc supports -c -o file.o
configure:9582: gcc -c -g -O2  -o out/conftest2.o conftest.c >&5
configure:9586: $? = 0
configure:9608: result: yes
configure:9616: checking if gcc supports -c -o file.o
configure:9664: result: yes
configure:9697: checking whether the gcc linker (/Applications/Xcode.app/Contents/Developer/Toolchains/XcodeDefault.xctoolchain/usr/bin/ld) supports shared libraries
configure:10965: result: yes
configure:11206: checking dynamic linker characteristics
configure:12027: result: darwin23.3.0 dyld
configure:12149: checking how to hardcode library paths into programs
configure:12174: result: immediate
configure:12726: checking whether stripping libraries is possible
configure:12743: result: yes
configure:12777: checking if libtool supports shared libraries
configure:12779: result: yes
configure:12782: checking whether to build shared libraries
configure:12807: result: yes
configure:12810: checking whether to build static libraries
configure:12814: result: yes
configure:12853: checking for math
configure:12886: result: no
configure:13038: checking for egrep
configure:13106: result: /usr/bin/grep -E
configure:13112: checking for sys/utsname.h
configure:13112: gcc -c -g -O2  conftest.c >&5
configure:13112: $? = 0
configure:13112: result: yes
configure:13118: checking for unistd.h
configure:13118: result: yes
configure:13124: checking for windows.h
configure:13124: gcc -c -g -O2  conftest.c >&5
conftest.c:53:10: fatal error: 'windows.h' file not found
#include <windows.h>
         ^~~~~~~~~~~
1 error generated.
configure:13124: $? = 1
configure: failed program was:
| /* confdefs.h */
| #define PACKAGE_NAME "TestU01"
| #define PACKAGE_TARNAME "testu01"
| #define PACKAGE_VERSION "1.2.3"
| #define PACKAGE_STRING "TestU01 1.2.3"
| #define PACKAGE_BUGREPORT "lecuyer@iro.umontreal.ca"
| #define PACKAGE_URL ""
| #define PACKAGE "testu01"
| #define VERSION "1.2.3"
| #define HAVE_STDIO_H 1
| #define HAVE_STDLIB_H 1
| #define HAVE_STRING_H 1
| #define HAVE_INTTYPES_H 1
| #define HAVE_STDINT_H 1
| #define HAVE_STRINGS_H 1
| #define HAVE_SYS_STAT_H 1
| #define HAVE_SYS_TYPES_H 1
| #define HAVE_UNISTD_H 1
| #define STDC_HEADERS 1
| #define HAVE_DLFCN_H 1
| #define LT_OBJDIR ".libs/"
| #define HAVE_SYS_UTSNAME_H 1
| #define HAVE_UNISTD_H 1
| /* end confdefs.h.  */
| #include <stddef.h>
| #ifdef HAVE_STDIO_H
| # include <stdio.h>
| #endif
| #ifdef HAVE_STDLIB_H
| # include <stdlib.h>
| #endif
| #ifdef HAVE_STRING_H
| # include <string.h>
| #endif
| #ifdef HAVE_INTTYPES_H
| # include <inttypes.h>
| #endif
| #ifdef HAVE_STDINT_H
| # include <stdint.h>
| #endif
| #ifdef HAVE_STRINGS_H
| # include <strings.h>
| #endif
| #ifdef HAVE_SYS_TYPES_H
| # include <sys/types.h>
| #endif
| #ifdef HAVE_SYS_STAT_H
| # include <sys/stat.h>
| #endif
| #ifdef HAVE_UNISTD_H
| # include <unistd.h>
| #endif
| #include <windows.h>
configure:13124: result: no
configure:13130: checking for gmp.h
configure:13130: gcc -c -g -O2  conftest.c >&5
conftest.c:53:10: fatal error: 'gmp.h' file not found
#include <gmp.h>
         ^~~~~~~
1 error generated.
configure:13130: $? = 1
configure: failed program was:
| /* confdefs.h */
| #define PACKAGE_NAME "TestU01"
| #define PACKAGE_TARNAME "testu01"
| #define PACKAGE_VERSION "1.2.3"
| #define PACKAGE_STRING "TestU01 1.2.3"
| #define PACKAGE_BUGREPORT "lecuyer@iro.umontreal.ca"
| #define PACKAGE_URL ""
| #define PACKAGE "testu01"
| #define VERSION "1.2.3"
| #define HAVE_STDIO_H 1
| #define HAVE_STDLIB_H 1
| #define HAVE_STRING_H 1
| #define HAVE_INTTYPES_H 1
| #define HAVE_STDINT_H 1
| #define HAVE_STRINGS_H 1
| #define HAVE_SYS_STAT_H 1
| #define HAVE_SYS_TYPES_H 1
| #define HAVE_UNISTD_H 1
| #define STDC_HEADERS 1
| #define HAVE_DLFCN_H 1
| #define LT_OBJDIR ".libs/"
| #define HAVE_SYS_UTSNAME_H 1
| #define HAVE_UNISTD_H 1
| /* end confdefs.h.  */
| #include <stddef.h>
| #ifdef HAVE_STDIO_H
| # include <stdio.h>
| #endif
| #ifdef HAVE_STDLIB_H
| # include <stdlib.h>
| #endif
| #ifdef HAVE_STRING_H
| # include <string.h>
| #endif
| #ifdef HAVE_INTTYPES_H
| # include <inttypes.h>
| #endif
| #ifdef HAVE_STDINT_H
| # include <stdint.h>
| #endif
| #ifdef HAVE_STRINGS_H
| # include <strings.h>
| #endif
| #ifdef HAVE_SYS_TYPES_H
| # include <sys/types.h>
| #endif
| #ifdef HAVE_SYS_STAT_H
| # include <sys/stat.h>
| #endif
| #ifdef HAVE_UNISTD_H
| # include <unistd.h>
| #endif
| #include <gmp.h>
configure:13130: result: no
configure:13136: checking for stdint.h
configure:13136: result: yes
configure:13145: checking for an ANSI C-conforming const
configure:13212: gcc -c -g -O2  conftest.c >&5
configure:13212: $? = 0
configure:13220: result: yes
configure:13228: checking for size_t
configure:13228: gcc -c -g -O2  conftest.c >&5
configure:13228: $? = 0
configure:13228: gcc -c -g -O2  conftest.c >&5
conftest.c:57:21: error: expected expression
if (sizeof ((size_t)))
                    ^
1 error generated.
configure:13228: $? = 1
configure: failed program was:
| /* confdefs.h */
| #define PACKAGE_NAME "TestU01"
| #define PACKAGE_TARNAME "testu01"
| #define PACKAGE_VERSION "1.2.3"
| #define PACKAGE_STRING "TestU01 1.2.3"
| #define PACKAGE_BUGREPORT "lecuyer@iro.umontreal.ca"
| #define PACKAGE_URL ""
| #define PACKAGE "testu01"
| #define VERSION "1.2.3"
| #define HAVE_STDIO_H 1
| #define HAVE_STDLIB_H 1
| #define HAVE_STRING_H 1
| #define HAVE_INTTYPES_H 1
| #define HAVE_STDINT_H 1
| #define HAVE_STRINGS_H 1
| #define HAVE_SYS_STAT_H 1
| #define HAVE_SYS_TYPES_H 1
| #define HAVE_UNISTD_H 1
| #define STDC_HEADERS 1
| #define HAVE_DLFCN_H 1
| #define LT_OBJDIR ".libs/"
| #define HAVE_SYS_UTSNAME_H 1
| #define HAVE_UNISTD_H 1
| #define HAVE_STDINT_H 1
| /* end confdefs.h.  */
| #include <stddef.h>
| #ifdef HAVE_STDIO_H
| # include <stdio.h>
| #endif
| #ifdef HAVE_STDLIB_H
| # include <stdlib.h>
| #endif
| #ifdef HAVE_STRING_H
| # include <string.h>
| #endif
| #ifdef HAVE_INTTYPES_H
| # include <inttypes.h>
| #endif
| #ifdef HAVE_STDINT_H
| # include <stdint.h>
| #endif
| #ifdef HAVE_STRINGS_H
| # include <strings.h>
| #endif
| #ifdef HAVE_SYS_TYPES_H
| # include <sys/types.h>
| #endif
| #ifdef HAVE_SYS_STAT_H
| # include <sys/stat.h>
| #endif
| #ifdef HAVE_UNISTD_H
| # include <unistd.h>
| #endif
| int
| main (void)
| {
| if (sizeof ((size_t)))
| 	    return 0;
|   ;
|   return 0;
| }
configure:13228: result: yes
configure:13238: checking whether byte ordering is bigendian
configure:13254: gcc -c -g -O2  conftest.c >&5
configure:13254: $? = 0
configure:13300: gcc -c -g -O2  conftest.c >&5
configure:13300: $? = 0
configure:13319: gcc -c -g -O2  conftest.c >&5
conftest.c:33:4: error: use of undeclared identifier 'not'
                 not big endian
                 ^
1 error generated.
configure:13319: $? = 1
configure: failed program was:
| /* confdefs.h */
| #define PACKAGE_NAME "TestU01"
| #define PACKAGE_TARNAME "testu01"
| #define PACKAGE_VERSION "1.2.3"
| #define PACKAGE_STRING "TestU01 1.2.3"
| #define PACKAGE_BUGREPORT "lecuyer@iro.umontreal.ca"
| #define PACKAGE_URL ""
| #define PACKAGE "testu01"
| #define VERSION "1.2.3"
| #define HAVE_STDIO_H 1
| #define HAVE_STDLIB_H 1
| #define HAVE_STRING_H 1
| #define HAVE_INTTYPES_H 1
| #define HAVE_STDINT_H 1
| #define HAVE_STRINGS_H 1
| #define HAVE_SYS_STAT_H 1
| #define HAVE_SYS_TYPES_H 1
| #define HAVE_UNISTD_H 1
| #define STDC_HEADERS 1
| #define HAVE_DLFCN_H 1
| #define LT_OBJDIR ".libs/"
| #define HAVE_SYS_UTSNAME_H 1
| #define HAVE_UNISTD_H 1
| #define HAVE_STDINT_H 1
| /* end confdefs.h.  */
| #include <sys/types.h>
| 		#include <sys/param.h>
| 
| int
| main (void)
| {
| #if BYTE_ORDER != BIG_ENDIAN
| 		 not big endian
| 		#endif
| 
|   ;
|   return 0;
| }
configure:13453: result: no
configure:13471: checking for long long
configure:13471: gcc -c -g -O2  conftest.c >&5
configure:13471: $? = 0
configure:13471: gcc -c -g -O2  conftest.c >&5
conftest.c:57:24: error: expected expression
if (sizeof ((long long)))
                       ^
1 error generated.
configure:13471: $? = 1
configure: failed program was:
| /* confdefs.h */
| #define PACKAGE_NAME "TestU01"
| #define PACKAGE_TARNAME "testu01"
| #define PACKAGE_VERSION "1.2.3"
| #define PACKAGE_STRING "TestU01 1.2.3"
| #define PACKAGE_BUGREPORT "lecuyer@iro.umontreal.ca"
| #define PACKAGE_URL ""
| #define PACKAGE "testu01"
| #define VERSION "1.2.3"
| #define HAVE_STDIO_H 1
| #define HAVE_STDLIB_H 1
| #define HAVE_STRING_H 1
| #define HAVE_INTTYPES_H 1
| #define HAVE_STDINT_H 1
| #define HAVE_STRINGS_H 1
| #define HAVE_SYS_STAT_H 1
| #define HAVE_SYS_TYPES_H 1
| #define HAVE_UNISTD_H 1
| #define STDC_HEADERS 1
| #define HAVE_DLFCN_H 1
| #define LT_OBJDIR ".libs/"
| #define HAVE_SYS_UTSNAME_H 1
| #define HAVE_UNISTD_H 1
| #define HAVE_STDINT_H 1
| /* end confdefs.h.  */
| #include <stddef.h>
| #ifdef HAVE_STDIO_H
| # include <stdio.h>
| #endif
| #ifdef HAVE_STDLIB_H
| # include <stdlib.h>
| #endif
| #ifdef HAVE_STRING_H
| # include <string.h>
| #endif
| #ifdef HAVE_INTTYPES_H
| # include <inttypes.h>
| #endif
| #ifdef HAVE_STDINT_H
| # include <stdint.h>
| #endif
| #ifdef HAVE_STRINGS_H
| # include <strings.h>
| #endif
| #ifdef HAVE_SYS_TYPES_H
| # include <sys/types.h>
| #endif
| #ifdef HAVE_SYS_STAT_H
| # include <sys/stat.h>
| #endif
| #ifdef HAVE_UNISTD_H
| # include <unistd.h>
| #endif
| int
| main (void)
| {
| if (sizeof ((long long)))
| 	    return 0;
|   ;
|   return 0;
| }
configure:13471: result: yes
configure:13479: checking for uint32_t
configure:13479: gcc -c -g -O2  conftest.c >&5
configure:13479: $? = 0
configure:13479: gcc -c -g -O2  conftest.c >&5
conftest.c:58:23: error: expected expression
if (sizeof ((uint32_t)))
                      ^
1 error generated.
configure:13479: $? = 1
configure: failed program was:
| /* confdefs.h */
| #define PACKAGE_NAME "TestU01"
| #define PACKAGE_TARNAME "testu01"
| #define PACKAGE_VERSION "1.2.3"
| #define PACKAGE_STRING "TestU01 1.2.3"
| #define PACKAGE_BUGREPORT "lecuyer@iro.umontreal.ca"
| #define PACKAGE_URL ""
| #define PACKAGE "testu01"
| #define VERSION "1.2.3"
| #define HAVE_STDIO_H 1
| #define HAVE_STDLIB_H 1
| #define HAVE_STRING_H 1
| #define HAVE_INTTYPES_H 1
| #define HAVE_STDINT_H 1
| #define HAVE_STRINGS_H 1
| #define HAVE_SYS_STAT_H 1
| #define HAVE_SYS_TYPES_H 1
| #define HAVE_UNISTD_H 1
| #define STDC_HEADERS 1
| #define HAVE_DLFCN_H 1
| #define LT_OBJDIR ".libs/"
| #define HAVE_SYS_UTSNAME_H 1
| #define HAVE_UNISTD_H 1
| #define HAVE_STDINT_H 1
| #define HAVE_LONG_LONG 1
| /* end confdefs.h.  */
| #include <stddef.h>
| #ifdef HAVE_STDIO_H
| # include <stdio.h>
| #endif
| #ifdef HAVE_STDLIB_H
| # include <stdlib.h>
| #endif
| #ifdef HAVE_STRING_H
| # include <string.h>
| #endif
| #ifdef HAVE_INTTYPES_H
| # include <inttypes.h>
| #endif
| #ifdef HAVE_STDINT_H
| # include <stdint.h>
| #endif
| #ifdef HAVE_STRINGS_H
| # include <strings.h>
| #endif
| #ifdef HAVE_SYS_TYPES_H
| # include <sys/types.h>
| #endif
| #ifdef HAVE_SYS_STAT_H
| # include <sys/stat.h>
| #endif
| #ifdef HAVE_UNISTD_H
| # include <unistd.h>
| #endif
| int
| main (void)
| {
| if (sizeof ((uint32_t)))
| 	    return 0;
|   ;
|   return 0;
| }
configure:13479: result: yes
configure:13487: checking for uint8_t
configure:13487: gcc -c -g -O2  conftest.c >&5
configure:13487: $? = 0
configure:13487: gcc -c -g -O2  conftest.c >&5
conftest.c:59:22: error: expected expression
if (sizeof ((uint8_t)))
                     ^
1 error generated.
configure:13487: $? = 1
configure: failed program was:
| /* confdefs.h */
| #define PACKAGE_NAME "TestU01"
| #define PACKAGE_TARNAME "testu01"
| #define PACKAGE_VERSION "1.2.3"
| #define PACKAGE_STRING "TestU01 1.2.3"
| #define PACKAGE_BUGREPORT "lecuyer@iro.umontreal.ca"
| #define PACKAGE_URL ""
| #define PACKAGE "testu01"
| #define VERSION "1.2.3"
| #define HAVE_STDIO_H 1
| #define HAVE_STDLIB_H 1
| #define HAVE_STRING_H 1
| #define HAVE_INTTYPES_H 1
| #define HAVE_STDINT_H 1
| #define HAVE_STRINGS_H 1
| #define HAVE_SYS_STAT_H 1
| #define HAVE_SYS_TYPES_H 1
| #define HAVE_UNISTD_H 1
| #define STDC_HEADERS 1
| #define HAVE_DLFCN_H 1
| #define LT_OBJDIR ".libs/"
| #define HAVE_SYS_UTSNAME_H 1
| #define HAVE_UNISTD_H 1
| #define HAVE_STDINT_H 1
| #define HAVE_LONG_LONG 1
| #define HAVE_UINT32_T 1
| /* end confdefs.h.  */
| #include <stddef.h>
| #ifdef HAVE_STDIO_H
| # include <stdio.h>
| #endif
| #ifdef HAVE_STDLIB_H
| # include <stdlib.h>
| #endif
| #ifdef HAVE_STRING_H
| # include <string.h>
| #endif
| #ifdef HAVE_INTTYPES_H
| # include <inttypes.h>
| #endif
| #ifdef HAVE_STDINT_H
| # include <stdint.h>
| #endif
| #ifdef HAVE_STRINGS_H
| # include <strings.h>
| #endif
| #ifdef HAVE_SYS_TYPES_H
| # include <sys/types.h>
| #endif
| #ifdef HAVE_SYS_STAT_H
| # include <sys/stat.h>
| #endif
| #ifdef HAVE_UNISTD_H
| # include <unistd.h>
| #endif
| int
| main (void)
| {
| if (sizeof ((uint8_t)))
| 	    return 0;
|   ;
|   return 0;
| }
configure:13487: result: yes
configure:13501: checking for random
configure:13501: gcc -o conftest -g -O2   conftest.c   >&5
configure:13501: $? = 0
configure:13501: result: yes
configure:13507: checking for erf
configure:13507: gcc -o conftest -g -O2   conftest.c   >&5
conftest.c:46:6: warning: incompatible redeclaration of library function 'erf' [-Wincompatible-library-redeclaration]
char erf ();
     ^
conftest.c:46:6: note: 'erf' is a builtin with type 'double (double)'
1 warning generated.
configure:13507: $? = 0
configure:13507: result: yes
configure:13513: checking for lgamma
configure:13513: gcc -o conftest -g -O2   conftest.c   >&5
conftest.c:47:6: warning: incompatible redeclaration of library function 'lgamma' [-Wincompatible-library-redeclaration]
char lgamma ();
     ^
conftest.c:47:6: note: 'lgamma' is a builtin with type 'double (double)'
1 warning generated.
configure:13513: $? = 0
configure:13513: result: yes
configure:13519: checking for log1p
configure:13519: gcc -o conftest -g -O2   conftest.c   >&5
conftest.c:48:6: warning: incompatible redeclaration of library function 'log1p' [-Wincompatible-library-redeclaration]
char log1p ();
     ^
conftest.c:48:6: note: 'log1p' is a builtin with type 'double (double)'
1 warning generated.
configure:13519: $? = 0
configure:13519: result: yes
configure:13639: checking that generated files are newer than configure
configure:13645: result: done
configure:13669: creating ./config.status

## ---------------------- ##
## Running config.status. ##
## ---------------------- ##

This file was extended by TestU01 config.status 1.2.3, which was
generated by GNU Autoconf 2.71.  Invocation command line was

  CONFIG_FILES    = 
  CONFIG_HEADERS  = 
  CONFIG_LINKS    = 
  CONFIG_COMMANDS = 
  $ ./config.status 

on MACVVTKYV92QN

config.status:1100: creating Makefile
config.status:1100: creating include/Makefile
config.status:1100: creating mylib/Makefile
config.status:1100: creating probdist/Makefile
config.status:1100: creating testu01/Makefile
config.status:1100: creating examples/Makefile
config.status:1100: creating doc/Makefile
config.status:1100: creating param/Makefile
config.status:1100: creating include/config.h
config.status:1281: include/config.h is unchanged
config.status:1100: creating include/gdefconf.h
config.status:1281: include/gdefconf.h is unchanged
config.status:1329: executing depfiles commands
config.status:1406: cd .       && sed -e '/# am--include-marker/d' Makefile         | make -f - am--depfiles
make[1]: Nothing to be done for `am--depfiles'.
config.status:1411: $? = 0
config.status:1406: cd mylib       && sed -e '/# am--include-marker/d' Makefile         | make -f - am--depfiles
make[1]: Nothing to be done for `am--depfiles'.
config.status:1411: $? = 0
config.status:1406: cd probdist       && sed -e '/# am--include-marker/d' Makefile         | make -f - am--depfiles
make[1]: Nothing to be done for `am--depfiles'.
config.status:1411: $? = 0
config.status:1406: cd testu01       && sed -e '/# am--include-marker/d' Makefile         | make -f - am--depfiles
make[1]: Nothing to be done for `am--depfiles'.
config.status:1411: $? = 0
config.status:1329: executing libtool commands

## ---------------- ##
## Cache variables. ##
## ---------------- ##

ac_cv_build=aarch64-apple-darwin23.3.0
ac_cv_c_bigendian=no
ac_cv_c_compiler_gnu=yes
ac_cv_c_const=yes
ac_cv_env_CC_set=
ac_cv_env_CC_value=
ac_cv_env_CFLAGS_set=
ac_cv_env_CFLAGS_value=
ac_cv_env_CPPFLAGS_set=
ac_cv_env_CPPFLAGS_value=
ac_cv_env_CPP_set=
ac_cv_env_CPP_value=
ac_cv_env_LDFLAGS_set=
ac_cv_env_LDFLAGS_value=
ac_cv_env_LIBS_set=
ac_cv_env_LIBS_value=
ac_cv_env_LT_SYS_LIBRARY_PATH_set=
ac_cv_env_LT_SYS_LIBRARY_PATH_value=
ac_cv_env_build_alias_set=
ac_cv_env_build_alias_value=
ac_cv_env_host_alias_set=
ac_cv_env_host_alias_value=
ac_cv_env_target_alias_set=
ac_cv_env_target_alias_value=
ac_cv_func_erf=yes
ac_cv_func_lgamma=yes
ac_cv_func_log1p=yes
ac_cv_func_random=yes
ac_cv_header_dlfcn_h=yes
ac_cv_header_gmp_h=no
ac_cv_header_inttypes_h=yes
ac_cv_header_stdint_h=yes
ac_cv_header_stdio_h=yes
ac_cv_header_stdlib_h=yes
ac_cv_header_string_h=yes
ac_cv_header_strings_h=yes
ac_cv_header_sys_stat_h=yes
ac_cv_header_sys_types_h=yes
ac_cv_header_sys_utsname_h=yes
ac_cv_header_unistd_h=yes
ac_cv_header_windows_h=no
ac_cv_host=aarch64-apple-darwin23.3.0
ac_cv_objext=o
ac_cv_path_EGREP='/usr/bin/grep -E'
ac_cv_path_FGREP='/usr/bin/grep -F'
ac_cv_path_GREP=/usr/bin/grep
ac_cv_path_SED=/usr/bin/sed
ac_cv_path_install='/usr/bin/install -c'
ac_cv_path_lt_DD=/bin/dd
ac_cv_prog_AWK=awk
ac_cv_prog_CPP='gcc -E'
ac_cv_prog_ac_ct_CC=gcc
ac_cv_prog_ac_ct_DSYMUTIL=dsymutil
ac_cv_prog_ac_ct_FILECMD=file
ac_cv_prog_ac_ct_LIPO=lipo
ac_cv_prog_ac_ct_NMEDIT=nmedit
ac_cv_prog_ac_ct_OBJDUMP=objdump
ac_cv_prog_ac_ct_OTOOL=otool
ac_cv_prog_ac_ct_RANLIB=ranlib
ac_cv_prog_ac_ct_STRIP=strip
ac_cv_prog_cc_c11=
ac_cv_prog_cc_g=yes
ac_cv_prog_cc_stdc=
ac_cv_prog_have_mathematica=no
ac_cv_prog_make_make_set=yes
ac_cv_type_long_long=yes
ac_cv_type_size_t=yes
ac_cv_type_uint32_t=yes
ac_cv_type_uint8_t=yes
am_cv_CC_dependencies_compiler_type=gcc3
am_cv_make_support_nested_variables=yes
am_cv_prog_cc_c_o=yes
lt_cv_apple_cc_single_mod=no
lt_cv_ar_at_file=@
lt_cv_deplibs_check_method=pass_all
lt_cv_file_magic_cmd='$MAGIC_CMD'
lt_cv_file_magic_test_file=
lt_cv_ld_exported_symbols_list=yes
lt_cv_ld_force_load=yes
lt_cv_ld_reload_flag=-r
lt_cv_nm_interface='BSD nm'
lt_cv_objdir=.libs
lt_cv_path_LD=/Applications/Xcode.app/Contents/Developer/Toolchains/XcodeDefault.xctoolchain/usr/bin/ld
lt_cv_path_NM='/usr/bin/nm -B'
lt_cv_path_mainfest_tool=no
lt_cv_prog_compiler_c_o=yes
lt_cv_prog_compiler_pic='-fno-common -DPIC'
lt_cv_prog_compiler_pic_works=yes
lt_cv_prog_compiler_rtti_exceptions=yes
lt_cv_prog_compiler_static_works=no
lt_cv_prog_gnu_ld=no
lt_cv_sharedlib_from_linklib_cmd='printf %s\n'
lt_cv_sys_global_symbol_pipe='/usr/bin/sed -n -e '\''s/^.*[	 ]\([ABCDGIRSTW][ABCDGIRSTW]*\)[	 ][	 ]*_\([_A-Za-z][_A-Za-z0-9]*\)$/\1 _\2 \2/p'\'' | /usr/bin/sed '\''/ __gnu_lto/d'\'''
lt_cv_sys_global_symbol_to_c_name_address='/usr/bin/sed -n -e '\''s/^: \(.*\) .*$/  {"\1", (void *) 0},/p'\'' -e '\''s/^[ABCDGIRSTW][ABCDGIRSTW]* .* \(.*\)$/  {"\1", (void *) \&\1},/p'\'''
lt_cv_sys_global_symbol_to_c_name_address_lib_prefix='/usr/bin/sed -n -e '\''s/^: \(.*\) .*$/  {"\1", (void *) 0},/p'\'' -e '\''s/^[ABCDGIRSTW][ABCDGIRSTW]* .* \(lib.*\)$/  {"\1", (void *) \&\1},/p'\'' -e '\''s/^[ABCDGIRSTW][ABCDGIRSTW]* .* \(.*\)$/  {"lib\1", (void *) \&\1},/p'\'''
lt_cv_sys_global_symbol_to_cdecl='/usr/bin/sed -n -e '\''s/^T .* \(.*\)$/extern int \1();/p'\'' -e '\''s/^[ABCDGIRSTW][ABCDGIRSTW]* .* \(.*\)$/extern char \1;/p'\'''
lt_cv_sys_global_symbol_to_import=
lt_cv_sys_max_cmd_len=786432
lt_cv_to_host_file_cmd=func_convert_file_noop
lt_cv_to_tool_file_cmd=func_convert_file_noop
lt_cv_truncate_bin='/bin/dd bs=4096 count=1'

## ----------------- ##
## Output variables. ##
## ----------------- ##

ACLOCAL='${SHELL} '\''/Users/Hoang.Ong/projects/knox-primitives/prng_test/testu01/missing'\'' aclocal-1.16'
AMDEPBACKSLASH='\'
AMDEP_FALSE='#'
AMDEP_TRUE=''
AMTAR='$${TAR-tar}'
AM_BACKSLASH='\'
AM_DEFAULT_V='$(AM_DEFAULT_VERBOSITY)'
AM_DEFAULT_VERBOSITY='1'
AM_V='$(V)'
AR='/Users/Hoang.Ong/Library/Android/sdk/ndk/25.2.9519653/toolchains/llvm/prebuilt/darwin-x86_64/bin/llvm-ar'
AUTOCONF='${SHELL} '\''/Users/Hoang.Ong/projects/knox-primitives/prng_test/testu01/missing'\'' autoconf'
AUTOHEADER='${SHELL} '\''/Users/Hoang.Ong/projects/knox-primitives/prng_test/testu01/missing'\'' autoheader'
AUTOMAKE='${SHELL} '\''/Users/Hoang.Ong/projects/knox-primitives/prng_test/testu01/missing'\'' automake-1.16'
AWK='awk'
CC='gcc'
CCDEPMODE='depmode=gcc3'
CFLAGS='-g -O2'
CPP='gcc -E'
CPPFLAGS=''
CSCOPE='cscope'
CTAGS='ctags'
CYGPATH_W='echo'
DEFS='-DHAVE_CONFIG_H'
DEPDIR='.deps'
DLLTOOL='false'
DSYMUTIL='dsymutil'
DUMPBIN=''
ECHO_C='\c'
ECHO_N=''
ECHO_T=''
EGREP='/usr/bin/grep -E'
ETAGS='etags'
EXEEXT=''
FGREP='/usr/bin/grep -F'
FILECMD='file'
GREP='/usr/bin/grep'
INSTALL_DATA='${INSTALL} -m 644'
INSTALL_PROGRAM='${INSTALL}'
INSTALL_SCRIPT='${INSTALL}'
INSTALL_STRIP_PROGRAM='$(install_sh) -c -s'
LD='/Applications/Xcode.app/Contents/Developer/Toolchains/XcodeDefault.xctoolchain/usr/bin/ld'
LDFLAGS=''
LIBM=''
LIBOBJS=''
LIBS=' '
LIBTOOL='$(SHELL) $(top_builddir)/libtool'
LIPO='lipo'
LN_S='ln -s'
LTLIBOBJS=''
LT_SYS_LIBRARY_PATH=''
MAKEINFO='${SHELL} '\''/Users/Hoang.Ong/projects/knox-primitives/prng_test/testu01/missing'\'' makeinfo'
MANIFEST_TOOL=':'
MKDIR_P='./install-sh -c -d'
NM='/usr/bin/nm -B'
NMEDIT='nmedit'
OBJDUMP='objdump'
OBJEXT='o'
OTOOL64=':'
OTOOL='otool'
PACKAGE='testu01'
PACKAGE_BUGREPORT='lecuyer@iro.umontreal.ca'
PACKAGE_NAME='TestU01'
PACKAGE_STRING='TestU01 1.2.3'
PACKAGE_TARNAME='testu01'
PACKAGE_URL=''
PACKAGE_VERSION='1.2.3'
PATH_SEPARATOR=':'
RANLIB='ranlib'
SED='/usr/bin/sed'
SET_MAKE=''
SHELL='/bin/sh'
STRIP='strip'
VERSION='1.2.3'
ac_ct_AR=''
ac_ct_CC='gcc'
ac_ct_DUMPBIN=''
am__EXEEXT_FALSE=''
am__EXEEXT_TRUE='#'
am__fastdepCC_FALSE='#'
am__fastdepCC_TRUE=''
am__include='include'
am__isrc=''
am__leading_dot='.'
am__nodep='_no'
am__quote=''
am__tar='$${TAR-tar} chof - "$$tardir"'
am__untar='$${TAR-tar} xf -'
bindir='${exec_prefix}/bin'
build='aarch64-apple-darwin23.3.0'
build_alias=''
build_cpu='aarch64'
build_os='darwin23.3.0'
build_vendor='apple'
datadir='${datarootdir}'
datarootdir='${prefix}/share'
docdir='${datarootdir}/doc/${PACKAGE_TARNAME}'
dvidir='${docdir}'
exec_prefix='${prefix}'
have_mathematica='no'
host='aarch64-apple-darwin23.3.0'
host_alias=''
host_cpu='aarch64'
host_os='darwin23.3.0'
host_vendor='apple'
htmldir='${docdir}'
includedir='${prefix}/include'
infodir='${datarootdir}/info'
install_sh='${SHELL} /Users/Hoang.Ong/projects/knox-primitives/prng_test/testu01/install-sh'
libdir='${exec_prefix}/lib'
libexecdir='${exec_prefix}/libexec'
localedir='${datarootdir}/locale'
localstatedir='${prefix}/var'
mandir='${datarootdir}/man'
mkdir_p='$(MKDIR_P)'
oldincludedir='/usr/include'
pdfdir='${docdir}'
prefix='/Users/Hoang.Ong/projects/knox-primitives/prng_test/testu01/dist'
program_transform_name='s,x,x,'
psdir='${docdir}'
runstatedir='${localstatedir}/run'
sbindir='${exec_prefix}/sbin'
sharedstatedir='${prefix}/com'
sysconfdir='${prefix}/etc'
target_alias=''

## ----------- ##
## confdefs.h. ##
## ----------- ##

/* confdefs.h */
#define PACKAGE_NAME "TestU01"
#define PACKAGE_TARNAME "testu01"
#define PACKAGE_VERSION "1.2.3"
#define PACKAGE_STRING "TestU01 1.2.3"
#define PACKAGE_BUGREPORT "lecuyer@iro.umontreal.ca"
#define PACKAGE_URL ""
#define PACKAGE "testu01"
#define VERSION "1.2.3"
#define HAVE_STDIO_H 1
#define HAVE_STDLIB_H 1
#define HAVE_STRING_H 1
#define HAVE_INTTYPES_H 1
#define HAVE_STDINT_H 1
#define HAVE_STRINGS_H 1
#define HAVE_SYS_STAT_H 1
#define HAVE_SYS_TYPES_H 1
#define HAVE_UNISTD_H 1
#define STDC_HEADERS 1
#define HAVE_DLFCN_H 1
#define LT_OBJDIR ".libs/"
#define HAVE_SYS_UTSNAME_H 1
#define HAVE_UNISTD_H 1
#define HAVE_STDINT_H 1
#define HAVE_LONG_LONG 1
#define HAVE_UINT32_T 1
#define HAVE_UINT8_T 1
#define HAVE_RANDOM 1
#define HAVE_ERF 1
#define HAVE_LGAMMA 1
#define HAVE_LOG1P 1

configure: exit 0
